2021-10-31 07:22:57,936 WARN com.zaxxer.hikari.pool.HikariPool$HouseKeeper [HikariPool-1 housekeeper] HikariPool-1 - Thread starvation or clock leap detected (housekeeper delta=8m31s845ms659µs200ns).
2021-10-31 08:43:28,993 WARN com.zaxxer.hikari.pool.HikariPool$HouseKeeper [HikariPool-1 housekeeper] HikariPool-1 - Thread starvation or clock leap detected (housekeeper delta=1h20m31s60ms695µs300ns).
2021-10-31 17:28:42,534 INFO org.springframework.orm.jpa.AbstractEntityManagerFactoryBean [SpringApplicationShutdownHook] Closing JPA EntityManagerFactory for persistence unit 'default'
2021-10-31 17:28:42,547 INFO com.zaxxer.hikari.HikariDataSource [SpringApplicationShutdownHook] HikariPool-1 - Shutdown initiated...
2021-10-31 17:28:42,558 INFO com.zaxxer.hikari.HikariDataSource [SpringApplicationShutdownHook] HikariPool-1 - Shutdown completed.
2021-10-31 17:28:49,007 INFO org.hibernate.validator.internal.util.Version [background-preinit] HV000001: Hibernate Validator 6.2.0.Final
2021-10-31 17:28:49,010 INFO org.springframework.boot.StartupInfoLogger [main] Starting Application using Java 11.0.11 on DESKTOP-MME1U5F with PID 352 (C:\Users\HP-Note\IdeaProjects\JM-PP-3-1-3\target\classes started by HP-Note in C:\Users\HP-Note\IdeaProjects\JM-PP-3-1-3)
2021-10-31 17:28:49,012 INFO org.springframework.boot.SpringApplication [main] No active profile set, falling back to default profiles: default
2021-10-31 17:28:49,606 INFO org.springframework.data.repository.config.RepositoryConfigurationDelegate [main] Bootstrapping Spring Data JPA repositories in DEFAULT mode.
2021-10-31 17:28:49,621 INFO org.springframework.data.repository.config.RepositoryConfigurationDelegate [main] Finished Spring Data repository scanning in 9 ms. Found 0 JPA repository interfaces.
2021-10-31 17:28:49,897 INFO org.springframework.context.support.PostProcessorRegistrationDelegate$BeanPostProcessorChecker [main] Bean 'org.springframework.security.access.expression.method.DefaultMethodSecurityExpressionHandler@63a28987' of type [org.springframework.security.access.expression.method.DefaultMethodSecurityExpressionHandler] is not eligible for getting processed by all BeanPostProcessors (for example: not eligible for auto-proxying)
2021-10-31 17:28:49,902 INFO org.springframework.context.support.PostProcessorRegistrationDelegate$BeanPostProcessorChecker [main] Bean 'methodSecurityMetadataSource' of type [org.springframework.security.access.method.DelegatingMethodSecurityMetadataSource] is not eligible for getting processed by all BeanPostProcessors (for example: not eligible for auto-proxying)
2021-10-31 17:28:50,088 INFO org.springframework.boot.web.embedded.tomcat.TomcatWebServer [main] Tomcat initialized with port(s): 80 (http)
2021-10-31 17:28:50,096 INFO org.apache.juli.logging.DirectJDKLog [main] Initializing ProtocolHandler ["http-nio-80"]
2021-10-31 17:28:50,097 INFO org.apache.juli.logging.DirectJDKLog [main] Starting service [Tomcat]
2021-10-31 17:28:50,097 INFO org.apache.juli.logging.DirectJDKLog [main] Starting Servlet engine: [Apache Tomcat/9.0.52]
2021-10-31 17:28:50,198 INFO org.apache.juli.logging.DirectJDKLog [main] Initializing Spring embedded WebApplicationContext
2021-10-31 17:28:50,199 INFO org.springframework.boot.web.servlet.context.ServletWebServerApplicationContext [main] Root WebApplicationContext: initialization completed in 1148 ms
2021-10-31 17:28:50,317 INFO org.hibernate.jpa.internal.util.LogHelper [main] HHH000204: Processing PersistenceUnitInfo [name: default]
2021-10-31 17:28:50,361 INFO org.hibernate.Version [main] HHH000412: Hibernate ORM core version 5.4.32.Final
2021-10-31 17:28:50,464 INFO org.hibernate.annotations.common.reflection.java.JavaReflectionManager [main] HCANN000001: Hibernate Commons Annotations {5.1.2.Final}
2021-10-31 17:28:50,530 INFO com.zaxxer.hikari.HikariDataSource [main] HikariPool-1 - Starting...
2021-10-31 17:28:50,700 INFO com.zaxxer.hikari.HikariDataSource [main] HikariPool-1 - Start completed.
2021-10-31 17:28:50,714 INFO org.hibernate.dialect.Dialect [main] HHH000400: Using dialect: org.hibernate.dialect.PostgreSQL94Dialect
2021-10-31 17:28:51,324 WARN org.hibernate.engine.jdbc.spi.SqlExceptionHelper$StandardWarningHandler [main] SQL Warning Code: 0, SQLState: 00000
2021-10-31 17:28:51,325 WARN org.hibernate.engine.jdbc.spi.SqlExceptionHelper$StandardWarningHandler [main] удаление распространяется на объект ограничение fkrhfovtciq1l558cw6udg0h0d3 в отношении таблица user_roles
2021-10-31 17:28:51,332 WARN org.hibernate.engine.jdbc.spi.SqlExceptionHelper$StandardWarningHandler [main] SQL Warning Code: 0, SQLState: 00000
2021-10-31 17:28:51,333 WARN org.hibernate.engine.jdbc.spi.SqlExceptionHelper$StandardWarningHandler [main] удаление распространяется на объект ограничение fkhfh9dx7w3ubf1co1vdev94g3f в отношении таблица user_roles
2021-10-31 17:28:51,333 WARN org.hibernate.engine.jdbc.spi.SqlExceptionHelper$StandardWarningHandler [main] SQL Warning Code: 0, SQLState: 00000
2021-10-31 17:28:51,334 WARN org.hibernate.engine.jdbc.spi.SqlExceptionHelper$StandardWarningHandler [main] ограничение "fkrhfovtciq1l558cw6udg0h0d3" в таблице "user_roles" не существует, пропускается
2021-10-31 17:28:51,334 WARN org.hibernate.engine.jdbc.spi.SqlExceptionHelper$StandardWarningHandler [main] SQL Warning Code: 0, SQLState: 00000
2021-10-31 17:28:51,334 WARN org.hibernate.engine.jdbc.spi.SqlExceptionHelper$StandardWarningHandler [main] ограничение "fkhfh9dx7w3ubf1co1vdev94g3f" в таблице "user_roles" не существует, пропускается
2021-10-31 17:28:51,378 INFO org.hibernate.engine.transaction.jta.platform.internal.JtaPlatformInitiator [main] HHH000490: Using JtaPlatform implementation: [org.hibernate.engine.transaction.jta.platform.internal.NoJtaPlatform]
2021-10-31 17:28:51,388 INFO org.springframework.orm.jpa.AbstractEntityManagerFactoryBean [main] Initialized JPA EntityManagerFactory for persistence unit 'default'
2021-10-31 17:28:52,412 INFO org.springframework.boot.autoconfigure.web.servlet.WelcomePageHandlerMapping [main] Adding welcome page template: index
2021-10-31 17:28:52,634 INFO org.springframework.security.web.DefaultSecurityFilterChain [main] Will secure Ant [pattern='/admin'] with [org.springframework.security.web.context.request.async.WebAsyncManagerIntegrationFilter@613f48de, org.springframework.security.web.context.SecurityContextPersistenceFilter@dc24732, org.springframework.security.web.header.HeaderWriterFilter@e30a8ef, org.springframework.security.web.csrf.CsrfFilter@2d26c6a2, org.springframework.security.web.authentication.logout.LogoutFilter@75b6bd41, org.springframework.security.web.authentication.www.BasicAuthenticationFilter@30f99ca1, org.springframework.security.web.savedrequest.RequestCacheAwareFilter@377d55, org.springframework.security.web.servletapi.SecurityContextHolderAwareRequestFilter@6ab6ec33, org.springframework.security.web.authentication.AnonymousAuthenticationFilter@33ce081a, org.springframework.security.web.access.ExceptionTranslationFilter@4cc28ad0]
2021-10-31 17:28:52,651 INFO org.springframework.security.web.DefaultSecurityFilterChain [main] Will secure any request with [org.springframework.security.web.context.request.async.WebAsyncManagerIntegrationFilter@48590849, org.springframework.security.web.context.SecurityContextPersistenceFilter@1454339d, org.springframework.security.web.header.HeaderWriterFilter@1a3272e0, org.springframework.security.web.authentication.logout.LogoutFilter@35d62807, org.springframework.security.web.authentication.UsernamePasswordAuthenticationFilter@61d4155b, org.springframework.security.web.savedrequest.RequestCacheAwareFilter@1df8e685, org.springframework.security.web.servletapi.SecurityContextHolderAwareRequestFilter@78723798, org.springframework.security.web.authentication.AnonymousAuthenticationFilter@6c38f4de, org.springframework.security.web.session.SessionManagementFilter@6db2a260, org.springframework.security.web.access.ExceptionTranslationFilter@738153d8, org.springframework.security.web.access.intercept.FilterSecurityInterceptor@36a25457]
2021-10-31 17:28:52,692 INFO org.apache.juli.logging.DirectJDKLog [main] Starting ProtocolHandler ["http-nio-80"]
2021-10-31 17:28:52,710 INFO org.springframework.boot.web.embedded.tomcat.TomcatWebServer [main] Tomcat started on port(s): 80 (http) with context path ''
2021-10-31 17:28:52,722 INFO org.springframework.boot.StartupInfoLogger [main] Started Application in 4.122 seconds (JVM running for 4.761)
2021-10-31 17:28:53,087 INFO org.apache.juli.logging.DirectJDKLog [http-nio-80-exec-1] Initializing Spring DispatcherServlet 'dispatcherServlet'
2021-10-31 17:28:53,087 INFO org.springframework.web.servlet.FrameworkServlet [http-nio-80-exec-1] Initializing Servlet 'dispatcherServlet'
2021-10-31 17:28:53,089 INFO org.springframework.web.servlet.FrameworkServlet [http-nio-80-exec-1] Completed initialization in 1 ms
