2021-10-18 08:03:27,433 WARN com.zaxxer.hikari.pool.HikariPool$HouseKeeper [HikariPool-1 housekeeper] HikariPool-1 - Thread starvation or clock leap detected (housekeeper delta=7h11m9s500ms417µs300ns).
2021-10-18 10:35:58,833 INFO org.springframework.orm.jpa.AbstractEntityManagerFactoryBean [SpringApplicationShutdownHook] Closing JPA EntityManagerFactory for persistence unit 'default'
2021-10-18 10:35:58,833 INFO com.zaxxer.hikari.HikariDataSource [SpringApplicationShutdownHook] HikariPool-1 - Shutdown initiated...
2021-10-18 10:35:58,848 INFO com.zaxxer.hikari.HikariDataSource [SpringApplicationShutdownHook] HikariPool-1 - Shutdown completed.
2021-10-18 10:36:03,459 INFO org.hibernate.validator.internal.util.Version [background-preinit] HV000001: Hibernate Validator 6.2.0.Final
2021-10-18 10:36:03,459 INFO org.springframework.boot.StartupInfoLogger [main] Starting Application using Java 11.0.11 on DESKTOP-MME1U5F with PID 15068 (C:\Users\HP-Note\IdeaProjects\JM-PP-3-1-3\target\classes started by HP-Note in C:\Users\HP-Note\IdeaProjects\JM-PP-3-1-3)
2021-10-18 10:36:03,459 INFO org.springframework.boot.SpringApplication [main] No active profile set, falling back to default profiles: default
2021-10-18 10:36:04,031 INFO org.springframework.data.repository.config.RepositoryConfigurationDelegate [main] Bootstrapping Spring Data JPA repositories in DEFAULT mode.
2021-10-18 10:36:04,032 INFO org.springframework.data.repository.config.RepositoryConfigurationDelegate [main] Finished Spring Data repository scanning in 9 ms. Found 0 JPA repository interfaces.
2021-10-18 10:36:04,299 INFO org.springframework.context.support.PostProcessorRegistrationDelegate$BeanPostProcessorChecker [main] Bean 'org.springframework.security.access.expression.method.DefaultMethodSecurityExpressionHandler@4c447c09' of type [org.springframework.security.access.expression.method.DefaultMethodSecurityExpressionHandler] is not eligible for getting processed by all BeanPostProcessors (for example: not eligible for auto-proxying)
2021-10-18 10:36:04,315 INFO org.springframework.context.support.PostProcessorRegistrationDelegate$BeanPostProcessorChecker [main] Bean 'methodSecurityMetadataSource' of type [org.springframework.security.access.method.DelegatingMethodSecurityMetadataSource] is not eligible for getting processed by all BeanPostProcessors (for example: not eligible for auto-proxying)
2021-10-18 10:36:04,501 INFO org.springframework.boot.web.embedded.tomcat.TomcatWebServer [main] Tomcat initialized with port(s): 80 (http)
2021-10-18 10:36:04,509 INFO org.apache.juli.logging.DirectJDKLog [main] Initializing ProtocolHandler ["http-nio-80"]
2021-10-18 10:36:04,509 INFO org.apache.juli.logging.DirectJDKLog [main] Starting service [Tomcat]
2021-10-18 10:36:04,509 INFO org.apache.juli.logging.DirectJDKLog [main] Starting Servlet engine: [Apache Tomcat/9.0.52]
2021-10-18 10:36:04,594 INFO org.apache.juli.logging.DirectJDKLog [main] Initializing Spring embedded WebApplicationContext
2021-10-18 10:36:04,594 INFO org.springframework.boot.web.servlet.context.ServletWebServerApplicationContext [main] Root WebApplicationContext: initialization completed in 1090 ms
2021-10-18 10:36:04,719 INFO org.hibernate.jpa.internal.util.LogHelper [main] HHH000204: Processing PersistenceUnitInfo [name: default]
2021-10-18 10:36:04,735 INFO org.hibernate.Version [main] HHH000412: Hibernate ORM core version 5.4.32.Final
2021-10-18 10:36:04,797 INFO org.hibernate.annotations.common.reflection.java.JavaReflectionManager [main] HCANN000001: Hibernate Commons Annotations {5.1.2.Final}
2021-10-18 10:36:04,860 INFO com.zaxxer.hikari.HikariDataSource [main] HikariPool-1 - Starting...
2021-10-18 10:36:04,954 INFO com.zaxxer.hikari.HikariDataSource [main] HikariPool-1 - Start completed.
2021-10-18 10:36:04,969 INFO org.hibernate.dialect.Dialect [main] HHH000400: Using dialect: org.hibernate.dialect.MySQL5Dialect
2021-10-18 10:36:05,766 INFO org.hibernate.engine.transaction.jta.platform.internal.JtaPlatformInitiator [main] HHH000490: Using JtaPlatform implementation: [org.hibernate.engine.transaction.jta.platform.internal.NoJtaPlatform]
2021-10-18 10:36:05,766 INFO org.springframework.orm.jpa.AbstractEntityManagerFactoryBean [main] Initialized JPA EntityManagerFactory for persistence unit 'default'
2021-10-18 10:36:08,970 INFO org.springframework.boot.autoconfigure.web.servlet.WelcomePageHandlerMapping [main] Adding welcome page template: index
2021-10-18 10:36:09,227 INFO org.springframework.security.web.DefaultSecurityFilterChain [main] Will secure Ant [pattern='/admin'] with [org.springframework.security.web.context.request.async.WebAsyncManagerIntegrationFilter@d695f9d, org.springframework.security.web.context.SecurityContextPersistenceFilter@3c130cb2, org.springframework.security.web.header.HeaderWriterFilter@22e650e, org.springframework.security.web.csrf.CsrfFilter@796a7c9, org.springframework.security.web.authentication.logout.LogoutFilter@511ad0dd, org.springframework.security.web.authentication.www.BasicAuthenticationFilter@19b33b0d, org.springframework.security.web.savedrequest.RequestCacheAwareFilter@471d6571, org.springframework.security.web.servletapi.SecurityContextHolderAwareRequestFilter@1188e08b, org.springframework.security.web.authentication.AnonymousAuthenticationFilter@7daf167, org.springframework.security.web.access.ExceptionTranslationFilter@35599228]
2021-10-18 10:36:09,231 INFO org.springframework.security.web.DefaultSecurityFilterChain [main] Will secure any request with [org.springframework.security.web.context.request.async.WebAsyncManagerIntegrationFilter@7acf07b2, org.springframework.security.web.context.SecurityContextPersistenceFilter@88fc9cb, org.springframework.security.web.header.HeaderWriterFilter@202ba60a, org.springframework.security.web.authentication.logout.LogoutFilter@160d68b8, org.springframework.security.web.authentication.UsernamePasswordAuthenticationFilter@74ed1d35, org.springframework.security.web.savedrequest.RequestCacheAwareFilter@75693526, org.springframework.security.web.servletapi.SecurityContextHolderAwareRequestFilter@39a1c200, org.springframework.security.web.authentication.AnonymousAuthenticationFilter@5d50e7f6, org.springframework.security.web.session.SessionManagementFilter@30dd23e2, org.springframework.security.web.access.ExceptionTranslationFilter@45dfb6a4, org.springframework.security.web.access.intercept.FilterSecurityInterceptor@d408c5d]
2021-10-18 10:36:09,278 INFO org.apache.juli.logging.DirectJDKLog [main] Starting ProtocolHandler ["http-nio-80"]
2021-10-18 10:36:09,294 INFO org.springframework.boot.web.embedded.tomcat.TomcatWebServer [main] Tomcat started on port(s): 80 (http) with context path ''
2021-10-18 10:36:09,294 INFO org.springframework.boot.StartupInfoLogger [main] Started Application in 6.176 seconds (JVM running for 6.878)
2021-10-18 10:36:09,784 INFO org.apache.juli.logging.DirectJDKLog [http-nio-80-exec-1] Initializing Spring DispatcherServlet 'dispatcherServlet'
2021-10-18 10:36:09,784 INFO org.springframework.web.servlet.FrameworkServlet [http-nio-80-exec-1] Initializing Servlet 'dispatcherServlet'
2021-10-18 10:36:09,787 INFO org.springframework.web.servlet.FrameworkServlet [http-nio-80-exec-1] Completed initialization in 3 ms
2021-10-18 11:30:40,762 INFO org.springframework.orm.jpa.AbstractEntityManagerFactoryBean [SpringApplicationShutdownHook] Closing JPA EntityManagerFactory for persistence unit 'default'
2021-10-18 11:30:40,762 INFO com.zaxxer.hikari.HikariDataSource [SpringApplicationShutdownHook] HikariPool-1 - Shutdown initiated...
2021-10-18 11:30:40,777 INFO com.zaxxer.hikari.HikariDataSource [SpringApplicationShutdownHook] HikariPool-1 - Shutdown completed.
2021-10-18 11:30:45,750 INFO org.hibernate.validator.internal.util.Version [background-preinit] HV000001: Hibernate Validator 6.2.0.Final
2021-10-18 11:30:45,750 INFO org.springframework.boot.StartupInfoLogger [main] Starting Application using Java 11.0.11 on DESKTOP-MME1U5F with PID 19736 (C:\Users\HP-Note\IdeaProjects\JM-PP-3-1-3\target\classes started by HP-Note in C:\Users\HP-Note\IdeaProjects\JM-PP-3-1-3)
2021-10-18 11:30:45,755 INFO org.springframework.boot.SpringApplication [main] No active profile set, falling back to default profiles: default
2021-10-18 11:30:46,495 INFO org.springframework.data.repository.config.RepositoryConfigurationDelegate [main] Bootstrapping Spring Data JPA repositories in DEFAULT mode.
2021-10-18 11:30:46,514 INFO org.springframework.data.repository.config.RepositoryConfigurationDelegate [main] Finished Spring Data repository scanning in 11 ms. Found 0 JPA repository interfaces.
2021-10-18 11:30:46,832 INFO org.springframework.context.support.PostProcessorRegistrationDelegate$BeanPostProcessorChecker [main] Bean 'org.springframework.security.access.expression.method.DefaultMethodSecurityExpressionHandler@5f2de715' of type [org.springframework.security.access.expression.method.DefaultMethodSecurityExpressionHandler] is not eligible for getting processed by all BeanPostProcessors (for example: not eligible for auto-proxying)
2021-10-18 11:30:46,837 INFO org.springframework.context.support.PostProcessorRegistrationDelegate$BeanPostProcessorChecker [main] Bean 'methodSecurityMetadataSource' of type [org.springframework.security.access.method.DelegatingMethodSecurityMetadataSource] is not eligible for getting processed by all BeanPostProcessors (for example: not eligible for auto-proxying)
2021-10-18 11:30:47,029 INFO org.springframework.boot.web.embedded.tomcat.TomcatWebServer [main] Tomcat initialized with port(s): 80 (http)
2021-10-18 11:30:47,036 INFO org.apache.juli.logging.DirectJDKLog [main] Initializing ProtocolHandler ["http-nio-80"]
2021-10-18 11:30:47,037 INFO org.apache.juli.logging.DirectJDKLog [main] Starting service [Tomcat]
2021-10-18 11:30:47,037 INFO org.apache.juli.logging.DirectJDKLog [main] Starting Servlet engine: [Apache Tomcat/9.0.52]
2021-10-18 11:30:47,137 INFO org.apache.juli.logging.DirectJDKLog [main] Initializing Spring embedded WebApplicationContext
2021-10-18 11:30:47,137 INFO org.springframework.boot.web.servlet.context.ServletWebServerApplicationContext [main] Root WebApplicationContext: initialization completed in 1332 ms
2021-10-18 11:30:47,279 INFO org.hibernate.jpa.internal.util.LogHelper [main] HHH000204: Processing PersistenceUnitInfo [name: default]
2021-10-18 11:30:47,310 INFO org.hibernate.Version [main] HHH000412: Hibernate ORM core version 5.4.32.Final
2021-10-18 11:30:47,390 INFO org.hibernate.annotations.common.reflection.java.JavaReflectionManager [main] HCANN000001: Hibernate Commons Annotations {5.1.2.Final}
2021-10-18 11:30:47,472 INFO com.zaxxer.hikari.HikariDataSource [main] HikariPool-1 - Starting...
2021-10-18 11:30:47,595 INFO com.zaxxer.hikari.HikariDataSource [main] HikariPool-1 - Start completed.
2021-10-18 11:30:47,606 INFO org.hibernate.dialect.Dialect [main] HHH000400: Using dialect: org.hibernate.dialect.MySQL5Dialect
2021-10-18 11:30:48,484 INFO org.hibernate.engine.transaction.jta.platform.internal.JtaPlatformInitiator [main] HHH000490: Using JtaPlatform implementation: [org.hibernate.engine.transaction.jta.platform.internal.NoJtaPlatform]
2021-10-18 11:30:48,492 INFO org.springframework.orm.jpa.AbstractEntityManagerFactoryBean [main] Initialized JPA EntityManagerFactory for persistence unit 'default'
2021-10-18 11:30:51,541 INFO org.springframework.boot.autoconfigure.web.servlet.WelcomePageHandlerMapping [main] Adding welcome page template: index
2021-10-18 11:30:51,792 INFO org.springframework.security.web.DefaultSecurityFilterChain [main] Will secure Ant [pattern='/admin'] with [org.springframework.security.web.context.request.async.WebAsyncManagerIntegrationFilter@6731b6bd, org.springframework.security.web.context.SecurityContextPersistenceFilter@524b1e41, org.springframework.security.web.header.HeaderWriterFilter@12e13abd, org.springframework.security.web.csrf.CsrfFilter@363d29dd, org.springframework.security.web.authentication.logout.LogoutFilter@75693526, org.springframework.security.web.authentication.www.BasicAuthenticationFilter@76c2d002, org.springframework.security.web.savedrequest.RequestCacheAwareFilter@d827673, org.springframework.security.web.servletapi.SecurityContextHolderAwareRequestFilter@2f70d78c, org.springframework.security.web.authentication.AnonymousAuthenticationFilter@768f2398, org.springframework.security.web.access.ExceptionTranslationFilter@5bbb0a25]
2021-10-18 11:30:51,810 INFO org.springframework.security.web.DefaultSecurityFilterChain [main] Will secure any request with [org.springframework.security.web.context.request.async.WebAsyncManagerIntegrationFilter@63ff861e, org.springframework.security.web.context.SecurityContextPersistenceFilter@50b78155, org.springframework.security.web.header.HeaderWriterFilter@33efa7d4, org.springframework.security.web.authentication.logout.LogoutFilter@5d3d5242, org.springframework.security.web.authentication.UsernamePasswordAuthenticationFilter@40e7aea9, org.springframework.security.web.savedrequest.RequestCacheAwareFilter@1e284d90, org.springframework.security.web.servletapi.SecurityContextHolderAwareRequestFilter@61c11339, org.springframework.security.web.authentication.AnonymousAuthenticationFilter@46e38c28, org.springframework.security.web.session.SessionManagementFilter@356cb230, org.springframework.security.web.access.ExceptionTranslationFilter@45a40353, org.springframework.security.web.access.intercept.FilterSecurityInterceptor@4257163f]
2021-10-18 11:30:51,852 INFO org.apache.juli.logging.DirectJDKLog [main] Starting ProtocolHandler ["http-nio-80"]
2021-10-18 11:30:51,868 INFO org.springframework.boot.web.embedded.tomcat.TomcatWebServer [main] Tomcat started on port(s): 80 (http) with context path ''
2021-10-18 11:30:51,879 INFO org.springframework.boot.StartupInfoLogger [main] Started Application in 6.698 seconds (JVM running for 7.533)
2021-10-18 11:30:52,177 INFO org.apache.juli.logging.DirectJDKLog [http-nio-80-exec-1] Initializing Spring DispatcherServlet 'dispatcherServlet'
2021-10-18 11:30:52,178 INFO org.springframework.web.servlet.FrameworkServlet [http-nio-80-exec-1] Initializing Servlet 'dispatcherServlet'
2021-10-18 11:30:52,182 INFO org.springframework.web.servlet.FrameworkServlet [http-nio-80-exec-1] Completed initialization in 3 ms
2021-10-18 11:32:20,627 INFO org.springframework.orm.jpa.AbstractEntityManagerFactoryBean [SpringApplicationShutdownHook] Closing JPA EntityManagerFactory for persistence unit 'default'
2021-10-18 11:32:20,643 INFO com.zaxxer.hikari.HikariDataSource [SpringApplicationShutdownHook] HikariPool-1 - Shutdown initiated...
2021-10-18 11:32:20,643 INFO com.zaxxer.hikari.HikariDataSource [SpringApplicationShutdownHook] HikariPool-1 - Shutdown completed.
2021-10-18 11:32:23,486 INFO org.hibernate.validator.internal.util.Version [background-preinit] HV000001: Hibernate Validator 6.2.0.Final
2021-10-18 11:32:23,486 INFO org.springframework.boot.StartupInfoLogger [main] Starting Application using Java 11.0.11 on DESKTOP-MME1U5F with PID 21244 (C:\Users\HP-Note\IdeaProjects\JM-PP-3-1-3\target\classes started by HP-Note in C:\Users\HP-Note\IdeaProjects\JM-PP-3-1-3)
2021-10-18 11:32:23,486 INFO org.springframework.boot.SpringApplication [main] No active profile set, falling back to default profiles: default
2021-10-18 11:32:24,046 INFO org.springframework.data.repository.config.RepositoryConfigurationDelegate [main] Bootstrapping Spring Data JPA repositories in DEFAULT mode.
2021-10-18 11:32:24,062 INFO org.springframework.data.repository.config.RepositoryConfigurationDelegate [main] Finished Spring Data repository scanning in 9 ms. Found 0 JPA repository interfaces.
2021-10-18 11:32:24,337 INFO org.springframework.context.support.PostProcessorRegistrationDelegate$BeanPostProcessorChecker [main] Bean 'org.springframework.security.access.expression.method.DefaultMethodSecurityExpressionHandler@2ef0dd86' of type [org.springframework.security.access.expression.method.DefaultMethodSecurityExpressionHandler] is not eligible for getting processed by all BeanPostProcessors (for example: not eligible for auto-proxying)
2021-10-18 11:32:24,337 INFO org.springframework.context.support.PostProcessorRegistrationDelegate$BeanPostProcessorChecker [main] Bean 'methodSecurityMetadataSource' of type [org.springframework.security.access.method.DelegatingMethodSecurityMetadataSource] is not eligible for getting processed by all BeanPostProcessors (for example: not eligible for auto-proxying)
2021-10-18 11:32:24,502 INFO org.springframework.boot.web.embedded.tomcat.TomcatWebServer [main] Tomcat initialized with port(s): 80 (http)
2021-10-18 11:32:24,517 INFO org.apache.juli.logging.DirectJDKLog [main] Initializing ProtocolHandler ["http-nio-80"]
2021-10-18 11:32:24,517 INFO org.apache.juli.logging.DirectJDKLog [main] Starting service [Tomcat]
2021-10-18 11:32:24,517 INFO org.apache.juli.logging.DirectJDKLog [main] Starting Servlet engine: [Apache Tomcat/9.0.52]
2021-10-18 11:32:24,627 INFO org.apache.juli.logging.DirectJDKLog [main] Initializing Spring embedded WebApplicationContext
2021-10-18 11:32:24,627 INFO org.springframework.boot.web.servlet.context.ServletWebServerApplicationContext [main] Root WebApplicationContext: initialization completed in 1109 ms
2021-10-18 11:32:24,752 INFO org.hibernate.jpa.internal.util.LogHelper [main] HHH000204: Processing PersistenceUnitInfo [name: default]
2021-10-18 11:32:24,767 INFO org.hibernate.Version [main] HHH000412: Hibernate ORM core version 5.4.32.Final
2021-10-18 11:32:24,830 INFO org.hibernate.annotations.common.reflection.java.JavaReflectionManager [main] HCANN000001: Hibernate Commons Annotations {5.1.2.Final}
2021-10-18 11:32:24,908 INFO com.zaxxer.hikari.HikariDataSource [main] HikariPool-1 - Starting...
2021-10-18 11:32:25,017 INFO com.zaxxer.hikari.HikariDataSource [main] HikariPool-1 - Start completed.
2021-10-18 11:32:25,033 INFO org.hibernate.dialect.Dialect [main] HHH000400: Using dialect: org.hibernate.dialect.MySQL5Dialect
2021-10-18 11:32:25,983 INFO org.hibernate.engine.transaction.jta.platform.internal.JtaPlatformInitiator [main] HHH000490: Using JtaPlatform implementation: [org.hibernate.engine.transaction.jta.platform.internal.NoJtaPlatform]
2021-10-18 11:32:25,999 INFO org.springframework.orm.jpa.AbstractEntityManagerFactoryBean [main] Initialized JPA EntityManagerFactory for persistence unit 'default'
2021-10-18 11:32:28,982 INFO org.springframework.boot.autoconfigure.web.servlet.WelcomePageHandlerMapping [main] Adding welcome page template: index
2021-10-18 11:32:29,199 INFO org.springframework.security.web.DefaultSecurityFilterChain [main] Will secure Ant [pattern='/admin'] with [org.springframework.security.web.context.request.async.WebAsyncManagerIntegrationFilter@3d0697da, org.springframework.security.web.context.SecurityContextPersistenceFilter@58fadccb, org.springframework.security.web.header.HeaderWriterFilter@46ae897c, org.springframework.security.web.csrf.CsrfFilter@213bd66a, org.springframework.security.web.authentication.logout.LogoutFilter@6731b6bd, org.springframework.security.web.authentication.www.BasicAuthenticationFilter@1a3e8b68, org.springframework.security.web.savedrequest.RequestCacheAwareFilter@43d2c8e3, org.springframework.security.web.servletapi.SecurityContextHolderAwareRequestFilter@202ba60a, org.springframework.security.web.authentication.AnonymousAuthenticationFilter@4b99f2ed, org.springframework.security.web.access.ExceptionTranslationFilter@3705a85c]
2021-10-18 11:32:29,215 INFO org.springframework.security.web.DefaultSecurityFilterChain [main] Will secure any request with [org.springframework.security.web.context.request.async.WebAsyncManagerIntegrationFilter@7bdaf563, org.springframework.security.web.context.SecurityContextPersistenceFilter@1dc28c66, org.springframework.security.web.header.HeaderWriterFilter@2738a1fc, org.springframework.security.web.authentication.logout.LogoutFilter@673e1cf2, org.springframework.security.web.authentication.UsernamePasswordAuthenticationFilter@15251cc2, org.springframework.security.web.savedrequest.RequestCacheAwareFilter@7f97e963, org.springframework.security.web.servletapi.SecurityContextHolderAwareRequestFilter@7a25f8ee, org.springframework.security.web.authentication.AnonymousAuthenticationFilter@53813f01, org.springframework.security.web.session.SessionManagementFilter@2dc72c0c, org.springframework.security.web.access.ExceptionTranslationFilter@8b71052, org.springframework.security.web.access.intercept.FilterSecurityInterceptor@6b3d3e57]
2021-10-18 11:32:29,250 INFO org.apache.juli.logging.DirectJDKLog [main] Starting ProtocolHandler ["http-nio-80"]
2021-10-18 11:32:29,265 INFO org.springframework.boot.web.embedded.tomcat.TomcatWebServer [main] Tomcat started on port(s): 80 (http) with context path ''
2021-10-18 11:32:29,281 INFO org.springframework.boot.StartupInfoLogger [main] Started Application in 6.254 seconds (JVM running for 6.868)
2021-10-18 11:32:29,565 INFO org.apache.juli.logging.DirectJDKLog [http-nio-80-exec-1] Initializing Spring DispatcherServlet 'dispatcherServlet'
2021-10-18 11:32:29,565 INFO org.springframework.web.servlet.FrameworkServlet [http-nio-80-exec-1] Initializing Servlet 'dispatcherServlet'
2021-10-18 11:32:29,566 INFO org.springframework.web.servlet.FrameworkServlet [http-nio-80-exec-1] Completed initialization in 1 ms
2021-10-18 21:54:11,043 WARN com.zaxxer.hikari.pool.HikariPool$HouseKeeper [HikariPool-1 housekeeper] HikariPool-1 - Thread starvation or clock leap detected (housekeeper delta=8m8s349ms544µs600ns).
